<?xml version="1.0" encoding="UTF-8"?>
<!-- Generated by org.testng.reporters.JUnitReportReporter -->
<testsuite hostname="LAPTOP-VBB4QLS0" failures="0" tests="1" name="com.qa.problems.CaseStudy1_UC2" time="0.788" errors="0" timestamp="2023-10-07T09:42:11 CDT" skipped="0">
  <testcase classname="com.qa.problems.CaseStudy1_UC2" name="useCaseTwo" time="0.788"/>
  <system-out/>
</testsuite> <!-- com.qa.problems.CaseStudy1_UC2 -->
