<?xml version="1.0" encoding="UTF-8"?>
<!-- Generated by org.testng.reporters.JUnitReportReporter -->
<testsuite hostname="LAPTOP-VBB4QLS0" failures="0" tests="1" name="com.qa.problems.TestRunner" time="69.959" errors="0" timestamp="2023-10-07T07:39:35 CDT" skipped="0">
  <testcase classname="com.qa.problems.TestRunner" name="runScenario" time="69.959"/>
  <system-out/>
</testsuite> <!-- com.qa.problems.TestRunner -->
