<?xml version="1.0" encoding="UTF-8"?>
<!-- Generated by org.testng.reporters.JUnitReportReporter -->
<testsuite hostname="LAPTOP-VBB4QLS0" failures="0" tests="1" name="com.qa.testrunner.Problem2" time="69.149" errors="0" timestamp="2023-09-24T06:34:19 CDT" skipped="0">
  <testcase classname="com.qa.testrunner.Problem2" name="MakeMyTrip" time="69.149"/>
  <system-out/>
</testsuite> <!-- com.qa.testrunner.Problem2 -->
