<?xml version="1.0" encoding="UTF-8"?>
<!-- Generated by org.testng.reporters.JUnitReportReporter -->
<testsuite hostname="LAPTOP-VBB4QLS0" failures="0" tests="1" name="com.qa.testrunner.Runner" time="4.214" errors="0" timestamp="2023-09-16T09:50:54 CDT" skipped="0">
  <testcase classname="com.qa.testrunner.Runner" name="usingPost" time="4.214"/>
  <system-out/>
</testsuite> <!-- com.qa.testrunner.Runner -->
