<?xml version="1.0" encoding="UTF-8"?>
<!-- Generated by org.testng.reporters.JUnitReportReporter -->
<testsuite hostname="LAPTOP-VBB4QLS0" failures="0" tests="1" name="com.qa.testrunner.Problem1" time="1.715" errors="0" timestamp="2023-09-21T00:38:46 CDT" skipped="0">
  <testcase classname="com.qa.testrunner.Problem1" name="excelReader" time="1.715"/>
  <system-out/>
</testsuite> <!-- com.qa.testrunner.Problem1 -->
